{"/Users/adrianbui/Downloads/4950/github_repo/SeniorProject/sigma-lsp/server/src/hover.ts": {"path":"/Users/adrianbui/Downloads/4950/github_repo/SeniorProject/sigma-lsp/server/src/hover.ts","statementMap":{"0":{"start":{"line":1,"column":0},"end":{"line":1,"column":null}},"1":{"start":{"line":14,"column":21},"end":{"line":28,"column":2}},"2":{"start":{"line":32,"column":21},"end":{"line":32,"column":73}},"3":{"start":{"line":34,"column":4},"end":{"line":36,"column":null}},"4":{"start":{"line":35,"column":8},"end":{"line":35,"column":20}},"5":{"start":{"line":38,"column":29},"end":{"line":38,"column":58}},"6":{"start":{"line":41,"column":18},"end":{"line":41,"column":45}},"7":{"start":{"line":43,"column":22},"end":{"line":43,"column":55}},"8":{"start":{"line":46,"column":17},"end":{"line":46,"column":87}},"9":{"start":{"line":48,"column":22},"end":{"line":48,"column":43}},"10":{"start":{"line":51,"column":22},"end":{"line":57,"column":6}},"11":{"start":{"line":59,"column":1},"end":{"line":59,"column":14}},"12":{"start":{"line":31,"column":0},"end":{"line":31,"column":16}},"13":{"start":{"line":63,"column":1},"end":{"line":66,"column":4}},"14":{"start":{"line":71,"column":14},"end":{"line":71,"column":54}},"15":{"start":{"line":73,"column":1},"end":{"line":79,"column":null}},"16":{"start":{"line":74,"column":16},"end":{"line":74,"column":38}},"17":{"start":{"line":75,"column":2},"end":{"line":75,"column":55}},"18":{"start":{"line":78,"column":2},"end":{"line":78,"column":33}},"19":{"start":{"line":84,"column":15},"end":{"line":84,"column":29}},"20":{"start":{"line":86,"column":13},"end":{"line":86,"column":33}},"21":{"start":{"line":88,"column":1},"end":{"line":96,"column":null}},"22":{"start":{"line":89,"column":33},"end":{"line":89,"column":57}},"23":{"start":{"line":90,"column":32},"end":{"line":90,"column":73}},"24":{"start":{"line":91,"column":2},"end":{"line":93,"column":null}},"25":{"start":{"line":92,"column":3},"end":{"line":92,"column":19}},"26":{"start":{"line":95,"column":2},"end":{"line":95,"column":31}},"27":{"start":{"line":98,"column":1},"end":{"line":98,"column":13}},"28":{"start":{"line":102,"column":1},"end":{"line":105,"column":3}},"29":{"start":{"line":109,"column":1},"end":{"line":111,"column":null}},"30":{"start":{"line":110,"column":2},"end":{"line":110,"column":25}},"31":{"start":{"line":113,"column":1},"end":{"line":116,"column":null}},"32":{"start":{"line":114,"column":21},"end":{"line":114,"column":43}},"33":{"start":{"line":115,"column":2},"end":{"line":115,"column":40}},"34":{"start":{"line":119,"column":1},"end":{"line":119,"column":11}},"35":{"start":{"line":123,"column":1},"end":{"line":125,"column":null}},"36":{"start":{"line":124,"column":2},"end":{"line":124,"column":12}},"37":{"start":{"line":127,"column":1},"end":{"line":130,"column":16}},"38":{"start":{"line":133,"column":0},"end":{"line":133,"column":31}}},"fnMap":{"0":{"name":"handleHover","decl":{"start":{"line":31,"column":16},"end":{"line":31,"column":27}},"loc":{"start":{"line":31,"column":116},"end":{"line":60,"column":1}}},"1":{"name":"getLineText","decl":{"start":{"line":62,"column":9},"end":{"line":62,"column":20}},"loc":{"start":{"line":62,"column":57},"end":{"line":67,"column":1}}},"2":{"name":"getWordRange","decl":{"start":{"line":70,"column":9},"end":{"line":70,"column":21}},"loc":{"start":{"line":70,"column":57},"end":{"line":80,"column":1}}},"3":{"name":"findWordAtCharacter","decl":{"start":{"line":82,"column":9},"end":{"line":82,"column":28}},"loc":{"start":{"line":82,"column":64},"end":{"line":99,"column":1}}},"4":{"name":"createRange","decl":{"start":{"line":101,"column":9},"end":{"line":101,"column":20}},"loc":{"start":{"line":101,"column":113},"end":{"line":106,"column":1}}},"5":{"name":"getHoverMessage","decl":{"start":{"line":108,"column":9},"end":{"line":108,"column":24}},"loc":{"start":{"line":108,"column":37},"end":{"line":120,"column":1}}},"6":{"name":"formatHoverMessage","decl":{"start":{"line":122,"column":9},"end":{"line":122,"column":27}},"loc":{"start":{"line":122,"column":58},"end":{"line":131,"column":1}}}},"branchMap":{"0":{"loc":{"start":{"line":34,"column":4},"end":{"line":36,"column":null}},"type":"if","locations":[{"start":{"line":34,"column":4},"end":{"line":36,"column":null}}]},"1":{"loc":{"start":{"line":73,"column":1},"end":{"line":79,"column":null}},"type":"if","locations":[{"start":{"line":73,"column":1},"end":{"line":79,"column":null}},{"start":{"line":76,"column":8},"end":{"line":79,"column":null}}]},"2":{"loc":{"start":{"line":91,"column":2},"end":{"line":93,"column":null}},"type":"if","locations":[{"start":{"line":91,"column":2},"end":{"line":93,"column":null}}]},"3":{"loc":{"start":{"line":91,"column":6},"end":{"line":91,"column":51}},"type":"binary-expr","locations":[{"start":{"line":91,"column":6},"end":{"line":91,"column":27}},{"start":{"line":91,"column":31},"end":{"line":91,"column":51}}]},"4":{"loc":{"start":{"line":109,"column":1},"end":{"line":111,"column":null}},"type":"if","locations":[{"start":{"line":109,"column":1},"end":{"line":111,"column":null}}]},"5":{"loc":{"start":{"line":113,"column":1},"end":{"line":116,"column":null}},"type":"if","locations":[{"start":{"line":113,"column":1},"end":{"line":116,"column":null}}]},"6":{"loc":{"start":{"line":123,"column":1},"end":{"line":125,"column":null}},"type":"if","locations":[{"start":{"line":123,"column":1},"end":{"line":125,"column":null}}]}},"s":{"0":1,"1":1,"2":2,"3":2,"4":0,"5":2,"6":2,"7":2,"8":2,"9":2,"10":2,"11":2,"12":1,"13":2,"14":2,"15":2,"16":2,"17":2,"18":0,"19":2,"20":2,"21":2,"22":2,"23":2,"24":2,"25":2,"26":0,"27":0,"28":2,"29":2,"30":0,"31":2,"32":1,"33":1,"34":1,"35":1,"36":0,"37":1,"38":1},"f":{"0":2,"1":2,"2":2,"3":2,"4":2,"5":2,"6":1},"b":{"0":[0],"1":[2,0],"2":[2],"3":[2,2],"4":[0],"5":[1],"6":[0]}}
}
