TN:
SF:src/hover.ts
FN:31,handleHover
FN:62,getLineText
FN:70,getWordRange
FN:82,findWordAtCharacter
FN:101,createRange
FN:108,getHoverMessage
FN:122,formatHoverMessage
FNF:7
FNH:7
FNDA:2,handleHover
FNDA:2,getLineText
FNDA:2,getWordRange
FNDA:2,findWordAtCharacter
FNDA:2,createRange
FNDA:2,getHoverMessage
FNDA:1,formatHoverMessage
DA:1,1
DA:14,1
DA:31,1
DA:32,2
DA:34,2
DA:35,0
DA:38,2
DA:41,2
DA:43,2
DA:46,2
DA:48,2
DA:51,2
DA:59,2
DA:63,2
DA:71,2
DA:73,2
DA:74,2
DA:75,2
DA:78,0
DA:84,2
DA:86,2
DA:88,2
DA:89,2
DA:90,2
DA:91,2
DA:92,2
DA:95,0
DA:98,0
DA:102,2
DA:109,2
DA:110,0
DA:113,2
DA:114,1
DA:115,1
DA:119,1
DA:123,1
DA:124,0
DA:127,1
DA:133,1
LF:39
LH:33
BRDA:34,0,0,0
BRDA:73,1,0,2
BRDA:73,1,1,0
BRDA:91,2,0,2
BRDA:91,3,0,2
BRDA:91,3,1,2
BRDA:109,4,0,0
BRDA:113,5,0,1
BRDA:123,6,0,0
BRF:9
BRH:5
end_of_record
